TeachApp2/app/build/intermediates/manifest_merge_blame_file/debug/manifest-merger-blame-debug-report.txt
1<?xml version="1.0" encoding="utf-8"?>
2<manifest xmlns:android="http://schemas.android.com/apk/res/android"
3    package="com.example.teachapp"
4    android:versionCode="1"
5    android:versionName="1.0" >
6
7    <uses-sdk
8        android:minSdkVersion="21"
8-->src\main\AndroidManifest.xml
9        android:targetSdkVersion="30" />
9-->src\main\AndroidManifest.xml
10
11    <uses-permission android:name="android.permission.INTERNET" />
11-->[com.google.firebase:firebase-auth:20.0.1] AndroidManifest.xml:23:5-67
11-->[com.google.firebase:firebase-auth:20.0.1] AndroidManifest.xml:23:22-64
12    <uses-permission android:name="android.permission.ACCESS_NETWORK_STATE" />
12-->[com.google.firebase:firebase-auth:20.0.1] AndroidManifest.xml:24:5-79
12-->[com.google.firebase:firebase-auth:20.0.1] AndroidManifest.xml:24:22-76
13    <uses-permission android:name="android.permission.WAKE_LOCK" />
13-->[com.google.android.gms:play-services-measurement-api:18.0.0] AndroidManifest.xml:24:5-68
13-->[com.google.android.gms:play-services-measurement-api:18.0.0] AndroidManifest.xml:24:22-65
14    <uses-permission android:name="com.google.android.finsky.permission.BIND_GET_INSTALL_REFERRER_SERVICE" />
14-->[com.google.android.gms:play-services-measurement:18.0.0] AndroidManifest.xml:26:5-110
14-->[com.google.android.gms:play-services-measurement:18.0.0] AndroidManifest.xml:26:22-107
15
16    <application
16-->src\main\AndroidManifest.xml:6:5-32:19
17        android:allowBackup="true"
17-->src\main\AndroidManifest.xml:7:9-35
18        android:appComponentFactory="androidx.core.app.CoreComponentFactory"
18-->[androidx.core:core:1.3.1] AndroidManifest.xml:24:18-86
19        android:debuggable="true"
20        android:icon="@mipmap/ic_launcher"
20-->src\main\AndroidManifest.xml:8:9-43
21        android:label="@string/app_name"
21-->src\main\AndroidManifest.xml:9:9-41
22        android:roundIcon="@mipmap/ic_launcher_round"
22-->src\main\AndroidManifest.xml:10:9-54
23        android:supportsRtl="true"
23-->src\main\AndroidManifest.xml:11:9-35
24        android:testOnly="true"
25        android:theme="@style/Theme.TeachApp"
25-->src\main\AndroidManifest.xml:12:9-46
26        android:usesCleartextTraffic="true" >
26-->src\main\AndroidManifest.xml:13:9-44
27        <activity android:name="com.example.teachapp.SelectLevelActivity" />
27-->src\main\AndroidManifest.xml:15:9-57
27-->src\main\AndroidManifest.xml:15:19-54
28        <activity android:name="com.example.teachapp.StartTestActivity" />
28-->src\main\AndroidManifest.xml:16:9-55
28-->src\main\AndroidManifest.xml:16:19-52
29        <activity android:name="com.example.teachapp.QuestionsActivity" />
29-->src\main\AndroidManifest.xml:17:9-55
29-->src\main\AndroidManifest.xml:17:19-52
30        <activity android:name="com.example.teachapp.TestActivity" />
30-->src\main\AndroidManifest.xml:18:9-50
30-->src\main\AndroidManifest.xml:18:19-47
31        <activity android:name="com.example.teachapp.SignUpActivity" />
31-->src\main\AndroidManifest.xml:19:9-52
31-->src\main\AndroidManifest.xml:19:19-49
32        <activity android:name="com.example.teachapp.LoginActivity" />
32-->src\main\AndroidManifest.xml:20:9-51
32-->src\main\AndroidManifest.xml:20:19-48
33        <activity android:name="com.example.teachapp.MainActivity" />
33-->src\main\AndroidManifest.xml:21:9-50
33-->src\main\AndroidManifest.xml:21:19-47
34        <activity
34-->src\main\AndroidManifest.xml:22:9-31:20
35            android:name="com.example.teachapp.splashActivity"
35-->src\main\AndroidManifest.xml:23:13-43
36            android:label="@string/app_name"
36-->src\main\AndroidManifest.xml:24:13-45
37            android:theme="@style/Theme.TeachApp.NoActionBar" >
37-->src\main\AndroidManifest.xml:25:13-62
38            <intent-filter>
38-->src\main\AndroidManifest.xml:26:13-30:29
39                <action android:name="android.intent.action.MAIN" />
39-->src\main\AndroidManifest.xml:27:17-69
39-->src\main\AndroidManifest.xml:27:25-66
40
41                <category android:name="android.intent.category.LAUNCHER" />
41-->src\main\AndroidManifest.xml:29:17-77
41-->src\main\AndroidManifest.xml:29:27-74
42            </intent-filter>
43        </activity>
44        <activity
44-->[com.google.firebase:firebase-auth:20.0.1] AndroidManifest.xml:27:9-44:20
45            android:name="com.google.firebase.auth.internal.GenericIdpActivity"
45-->[com.google.firebase:firebase-auth:20.0.1] AndroidManifest.xml:28:13-80
46            android:excludeFromRecents="true"
46-->[com.google.firebase:firebase-auth:20.0.1] AndroidManifest.xml:29:13-46
47            android:exported="true"
47-->[com.google.firebase:firebase-auth:20.0.1] AndroidManifest.xml:30:13-36
48            android:launchMode="singleTask"
48-->[com.google.firebase:firebase-auth:20.0.1] AndroidManifest.xml:31:13-44
49            android:theme="@android:style/Theme.Translucent.NoTitleBar" >
49-->[com.google.firebase:firebase-auth:20.0.1] AndroidManifest.xml:32:13-72
50            <intent-filter>
50-->[com.google.firebase:firebase-auth:20.0.1] AndroidManifest.xml:33:13-43:29
51                <action android:name="android.intent.action.VIEW" />
51-->[com.google.firebase:firebase-auth:20.0.1] AndroidManifest.xml:34:17-69
51-->[com.google.firebase:firebase-auth:20.0.1] AndroidManifest.xml:34:25-66
52
53                <category android:name="android.intent.category.DEFAULT" />
53-->[com.google.firebase:firebase-auth:20.0.1] AndroidManifest.xml:36:17-76
53-->[com.google.firebase:firebase-auth:20.0.1] AndroidManifest.xml:36:27-73
54                <category android:name="android.intent.category.BROWSABLE" />
54-->[com.google.firebase:firebase-auth:20.0.1] AndroidManifest.xml:37:17-78
54-->[com.google.firebase:firebase-auth:20.0.1] AndroidManifest.xml:37:27-75
55
56                <data
56-->[com.google.firebase:firebase-auth:20.0.1] AndroidManifest.xml:39:17-42:51
57                    android:host="firebase.auth"
57-->[com.google.firebase:firebase-auth:20.0.1] AndroidManifest.xml:40:21-49
58                    android:path="/"
58-->[com.google.firebase:firebase-auth:20.0.1] AndroidManifest.xml:41:21-37
59                    android:scheme="genericidp" />
59-->[com.google.firebase:firebase-auth:20.0.1] AndroidManifest.xml:42:21-48
60            </intent-filter>
61        </activity>
62        <activity
62-->[com.google.firebase:firebase-auth:20.0.1] AndroidManifest.xml:45:9-62:20
63            android:name="com.google.firebase.auth.internal.RecaptchaActivity"
63-->[com.google.firebase:firebase-auth:20.0.1] AndroidManifest.xml:46:13-79
64            android:excludeFromRecents="true"
64-->[com.google.firebase:firebase-auth:20.0.1] AndroidManifest.xml:47:13-46
65            android:exported="true"
65-->[com.google.firebase:firebase-auth:20.0.1] AndroidManifest.xml:48:13-36
66            android:launchMode="singleTask"
66-->[com.google.firebase:firebase-auth:20.0.1] AndroidManifest.xml:49:13-44
67            android:theme="@android:style/Theme.Translucent.NoTitleBar" >
67-->[com.google.firebase:firebase-auth:20.0.1] AndroidManifest.xml:50:13-72
68            <intent-filter>
68-->[com.google.firebase:firebase-auth:20.0.1] AndroidManifest.xml:51:13-61:29
69                <action android:name="android.intent.action.VIEW" />
69-->[com.google.firebase:firebase-auth:20.0.1] AndroidManifest.xml:34:17-69
69-->[com.google.firebase:firebase-auth:20.0.1] AndroidManifest.xml:34:25-66
70
71                <category android:name="android.intent.category.DEFAULT" />
71-->[com.google.firebase:firebase-auth:20.0.1] AndroidManifest.xml:36:17-76
71-->[com.google.firebase:firebase-auth:20.0.1] AndroidManifest.xml:36:27-73
72                <category android:name="android.intent.category.BROWSABLE" />
72-->[com.google.firebase:firebase-auth:20.0.1] AndroidManifest.xml:37:17-78
72-->[com.google.firebase:firebase-auth:20.0.1] AndroidManifest.xml:37:27-75
73
74                <data
74-->[com.google.firebase:firebase-auth:20.0.1] AndroidManifest.xml:39:17-42:51
75                    android:host="firebase.auth"
75-->[com.google.firebase:firebase-auth:20.0.1] AndroidManifest.xml:40:21-49
76                    android:path="/"
76-->[com.google.firebase:firebase-auth:20.0.1] AndroidManifest.xml:41:21-37
77                    android:scheme="recaptcha" />
77-->[com.google.firebase:firebase-auth:20.0.1] AndroidManifest.xml:42:21-48
78            </intent-filter>
79        </activity>
80
81        <service
81-->[com.google.firebase:firebase-auth:20.0.1] AndroidManifest.xml:64:9-73:19
82            android:name="com.google.firebase.auth.api.fallback.service.FirebaseAuthFallbackService"
82-->[com.google.firebase:firebase-auth:20.0.1] AndroidManifest.xml:65:13-101
83            android:enabled="true"
83-->[com.google.firebase:firebase-auth:20.0.1] AndroidManifest.xml:66:13-35
84            android:exported="false" >
84-->[com.google.firebase:firebase-auth:20.0.1] AndroidManifest.xml:67:13-37
85            <intent-filter>
85-->[com.google.firebase:firebase-auth:20.0.1] AndroidManifest.xml:68:13-72:29
86                <action android:name="com.google.firebase.auth.api.gms.service.START" />
86-->[com.google.firebase:firebase-auth:20.0.1] AndroidManifest.xml:69:17-89
86-->[com.google.firebase:firebase-auth:20.0.1] AndroidManifest.xml:69:25-86
87
88                <category android:name="android.intent.category.DEFAULT" />
88-->[com.google.firebase:firebase-auth:20.0.1] AndroidManifest.xml:36:17-76
88-->[com.google.firebase:firebase-auth:20.0.1] AndroidManifest.xml:36:27-73
89            </intent-filter>
90        </service>
91        <service
91-->[com.google.firebase:firebase-auth:20.0.1] AndroidManifest.xml:74:9-80:19
92            android:name="com.google.firebase.components.ComponentDiscoveryService"
92-->[com.google.firebase:firebase-auth:20.0.1] AndroidManifest.xml:75:13-84
93            android:directBootAware="true"
93-->[com.google.firebase:firebase-common:19.5.0] AndroidManifest.xml:35:13-43
94            android:exported="false" >
94-->[com.google.firebase:firebase-auth:20.0.1] AndroidManifest.xml:76:13-37
95            <meta-data
95-->[com.google.firebase:firebase-auth:20.0.1] AndroidManifest.xml:77:13-79:85
96                android:name="com.google.firebase.components:com.google.firebase.auth.FirebaseAuthRegistrar"
96-->[com.google.firebase:firebase-auth:20.0.1] AndroidManifest.xml:78:17-109
97                android:value="com.google.firebase.components.ComponentRegistrar" />
97-->[com.google.firebase:firebase-auth:20.0.1] AndroidManifest.xml:79:17-82
98            <meta-data
98-->[com.google.firebase:firebase-firestore:22.0.1] AndroidManifest.xml:20:13-22:85
99                android:name="com.google.firebase.components:com.google.firebase.firestore.FirestoreRegistrar"
99-->[com.google.firebase:firebase-firestore:22.0.1] AndroidManifest.xml:21:17-111
100                android:value="com.google.firebase.components.ComponentRegistrar" />
100-->[com.google.firebase:firebase-firestore:22.0.1] AndroidManifest.xml:22:17-82
101            <meta-data
101-->[com.google.firebase:firebase-config:20.0.2] AndroidManifest.xml:32:13-34:85
102                android:name="com.google.firebase.components:com.google.firebase.remoteconfig.RemoteConfigRegistrar"
102-->[com.google.firebase:firebase-config:20.0.2] AndroidManifest.xml:33:17-117
103                android:value="com.google.firebase.components.ComponentRegistrar" />
103-->[com.google.firebase:firebase-config:20.0.2] AndroidManifest.xml:34:17-82
104            <meta-data
104-->[com.google.firebase:firebase-crashlytics:17.3.0] AndroidManifest.xml:18:13-20:85
105                android:name="com.google.firebase.components:com.google.firebase.crashlytics.CrashlyticsRegistrar"
105-->[com.google.firebase:firebase-crashlytics:17.3.0] AndroidManifest.xml:19:17-115
106                android:value="com.google.firebase.components.ComponentRegistrar" />
106-->[com.google.firebase:firebase-crashlytics:17.3.0] AndroidManifest.xml:20:17-82
107            <meta-data
107-->[com.google.android.gms:play-services-measurement-api:18.0.0] AndroidManifest.xml:30:13-32:85
108                android:name="com.google.firebase.components:com.google.firebase.analytics.connector.internal.AnalyticsConnectorRegistrar"
108-->[com.google.android.gms:play-services-measurement-api:18.0.0] AndroidManifest.xml:31:17-139
109                android:value="com.google.firebase.components.ComponentRegistrar" />
109-->[com.google.android.gms:play-services-measurement-api:18.0.0] AndroidManifest.xml:32:17-82
110            <meta-data
110-->[com.google.firebase:firebase-abt:20.0.0] AndroidManifest.xml:13:13-15:85
111                android:name="com.google.firebase.components:com.google.firebase.abt.component.AbtRegistrar"
111-->[com.google.firebase:firebase-abt:20.0.0] AndroidManifest.xml:14:17-109
112                android:value="com.google.firebase.components.ComponentRegistrar" />
112-->[com.google.firebase:firebase-abt:20.0.0] AndroidManifest.xml:15:17-82
113            <meta-data
113-->[com.google.firebase:firebase-installations:16.3.4] AndroidManifest.xml:18:13-20:85
114                android:name="com.google.firebase.components:com.google.firebase.installations.FirebaseInstallationsRegistrar"
114-->[com.google.firebase:firebase-installations:16.3.4] AndroidManifest.xml:19:17-127
115                android:value="com.google.firebase.components.ComponentRegistrar" />
115-->[com.google.firebase:firebase-installations:16.3.4] AndroidManifest.xml:20:17-82
116            <!--
117                This registrar is not defined in the dynamic-module-support sdk itself to allow non-firebase
118                clients to use it as well, by defining this registrar in their own core/common library.
119            -->
120            <meta-data
120-->[com.google.firebase:firebase-common:19.5.0] AndroidManifest.xml:43:13-45:85
121                android:name="com.google.firebase.components:com.google.firebase.dynamicloading.DynamicLoadingRegistrar"
121-->[com.google.firebase:firebase-common:19.5.0] AndroidManifest.xml:44:17-121
122                android:value="com.google.firebase.components.ComponentRegistrar" />
122-->[com.google.firebase:firebase-common:19.5.0] AndroidManifest.xml:45:17-82
123        </service>
124
125        <activity
125-->[com.google.android.gms:play-services-auth:19.0.0] AndroidManifest.xml:23:9-27:75
126            android:name="com.google.android.gms.auth.api.signin.internal.SignInHubActivity"
126-->[com.google.android.gms:play-services-auth:19.0.0] AndroidManifest.xml:24:13-93
127            android:excludeFromRecents="true"
127-->[com.google.android.gms:play-services-auth:19.0.0] AndroidManifest.xml:25:13-46
128            android:exported="false"
128-->[com.google.android.gms:play-services-auth:19.0.0] AndroidManifest.xml:26:13-37
129            android:theme="@android:style/Theme.Translucent.NoTitleBar" />
129-->[com.google.android.gms:play-services-auth:19.0.0] AndroidManifest.xml:27:13-72
130        <!--
131            Service handling Google Sign-In user revocation. For apps that do not integrate with
132            Google Sign-In, this service will never be started.
133        -->
134        <service
134-->[com.google.android.gms:play-services-auth:19.0.0] AndroidManifest.xml:33:9-37:51
135            android:name="com.google.android.gms.auth.api.signin.RevocationBoundService"
135-->[com.google.android.gms:play-services-auth:19.0.0] AndroidManifest.xml:34:13-89
136            android:exported="true"
136-->[com.google.android.gms:play-services-auth:19.0.0] AndroidManifest.xml:35:13-36
137            android:permission="com.google.android.gms.auth.api.signin.permission.REVOCATION_NOTIFICATION"
137-->[com.google.android.gms:play-services-auth:19.0.0] AndroidManifest.xml:36:13-107
138            android:visibleToInstantApps="true" />
138-->[com.google.android.gms:play-services-auth:19.0.0] AndroidManifest.xml:37:13-48
139
140        <activity
140-->[com.google.android.gms:play-services-base:17.1.0] AndroidManifest.xml:23:9-26:75
141            android:name="com.google.android.gms.common.api.GoogleApiActivity"
141-->[com.google.android.gms:play-services-base:17.1.0] AndroidManifest.xml:24:13-79
142            android:exported="false"
142-->[com.google.android.gms:play-services-base:17.1.0] AndroidManifest.xml:25:13-37
143            android:theme="@android:style/Theme.Translucent.NoTitleBar" />
143-->[com.google.android.gms:play-services-base:17.1.0] AndroidManifest.xml:26:13-72
144
145        <provider
145-->[com.google.firebase:firebase-common:19.5.0] AndroidManifest.xml:26:9-31:39
146            android:name="com.google.firebase.provider.FirebaseInitProvider"
146-->[com.google.firebase:firebase-common:19.5.0] AndroidManifest.xml:27:13-77
147            android:authorities="com.example.teachapp.firebaseinitprovider"
147-->[com.google.firebase:firebase-common:19.5.0] AndroidManifest.xml:28:13-72
148            android:directBootAware="true"
148-->[com.google.firebase:firebase-common:19.5.0] AndroidManifest.xml:29:13-43
149            android:exported="false"
149-->[com.google.firebase:firebase-common:19.5.0] AndroidManifest.xml:30:13-37
150            android:initOrder="100" />
150-->[com.google.firebase:firebase-common:19.5.0] AndroidManifest.xml:31:13-36
151
152        <receiver
152-->[com.google.android.gms:play-services-measurement:18.0.0] AndroidManifest.xml:29:9-33:20
153            android:name="com.google.android.gms.measurement.AppMeasurementReceiver"
153-->[com.google.android.gms:play-services-measurement:18.0.0] AndroidManifest.xml:30:13-85
154            android:enabled="true"
154-->[com.google.android.gms:play-services-measurement:18.0.0] AndroidManifest.xml:31:13-35
155            android:exported="false" >
155-->[com.google.android.gms:play-services-measurement:18.0.0] AndroidManifest.xml:32:13-37
156        </receiver>
157
158        <service
158-->[com.google.android.gms:play-services-measurement:18.0.0] AndroidManifest.xml:35:9-38:40
159            android:name="com.google.android.gms.measurement.AppMeasurementService"
159-->[com.google.android.gms:play-services-measurement:18.0.0] AndroidManifest.xml:36:13-84
160            android:enabled="true"
160-->[com.google.android.gms:play-services-measurement:18.0.0] AndroidManifest.xml:37:13-35
161            android:exported="false" />
161-->[com.google.android.gms:play-services-measurement:18.0.0] AndroidManifest.xml:38:13-37
162        <service
162-->[com.google.android.gms:play-services-measurement:18.0.0] AndroidManifest.xml:39:9-43:72
163            android:name="com.google.android.gms.measurement.AppMeasurementJobService"
163-->[com.google.android.gms:play-services-measurement:18.0.0] AndroidManifest.xml:40:13-87
164            android:enabled="true"
164-->[com.google.android.gms:play-services-measurement:18.0.0] AndroidManifest.xml:41:13-35
165            android:exported="false"
165-->[com.google.android.gms:play-services-measurement:18.0.0] AndroidManifest.xml:42:13-37
166            android:permission="android.permission.BIND_JOB_SERVICE" />
166-->[com.google.android.gms:play-services-measurement:18.0.0] AndroidManifest.xml:43:13-69
167
168        <meta-data
168-->[com.google.android.gms:play-services-basement:17.2.1] AndroidManifest.xml:23:9-25:69
169            android:name="com.google.android.gms.version"
169-->[com.google.android.gms:play-services-basement:17.2.1] AndroidManifest.xml:24:13-58
170            android:value="@integer/google_play_services_version" />
170-->[com.google.android.gms:play-services-basement:17.2.1] AndroidManifest.xml:25:13-66
171
172        <service
172-->[com.google.android.datatransport:transport-backend-cct:2.3.2] AndroidManifest.xml:29:9-35:19
173            android:name="com.google.android.datatransport.runtime.backends.TransportBackendDiscovery"
173-->[com.google.android.datatransport:transport-backend-cct:2.3.2] AndroidManifest.xml:30:13-103
174            android:exported="false" >
174-->[com.google.android.datatransport:transport-backend-cct:2.3.2] AndroidManifest.xml:31:13-37
175            <meta-data
175-->[com.google.android.datatransport:transport-backend-cct:2.3.2] AndroidManifest.xml:32:13-34:39
176                android:name="backend:com.google.android.datatransport.cct.CctBackendFactory"
176-->[com.google.android.datatransport:transport-backend-cct:2.3.2] AndroidManifest.xml:33:17-94
177                android:value="cct" />
177-->[com.google.android.datatransport:transport-backend-cct:2.3.2] AndroidManifest.xml:34:17-36
178        </service>
179        <service
179-->[com.google.android.datatransport:transport-runtime:2.2.5] AndroidManifest.xml:26:9-30:19
180            android:name="com.google.android.datatransport.runtime.scheduling.jobscheduling.JobInfoSchedulerService"
180-->[com.google.android.datatransport:transport-runtime:2.2.5] AndroidManifest.xml:27:13-117
181            android:exported="false"
181-->[com.google.android.datatransport:transport-runtime:2.2.5] AndroidManifest.xml:28:13-37
182            android:permission="android.permission.BIND_JOB_SERVICE" >
182-->[com.google.android.datatransport:transport-runtime:2.2.5] AndroidManifest.xml:29:13-69
183        </service>
184
185        <receiver
185-->[com.google.android.datatransport:transport-runtime:2.2.5] AndroidManifest.xml:32:9-34:40
186            android:name="com.google.android.datatransport.runtime.scheduling.jobscheduling.AlarmManagerSchedulerBroadcastReceiver"
186-->[com.google.android.datatransport:transport-runtime:2.2.5] AndroidManifest.xml:33:13-132
187            android:exported="false" />
187-->[com.google.android.datatransport:transport-runtime:2.2.5] AndroidManifest.xml:34:13-37
188    </application>
189
190</manifest>